mode: atomic
github.com/yongPhone/gyaml/gyaml.go:49.33,50.16 1 101
github.com/yongPhone/gyaml/gyaml.go:51.10,52.12 1 1
github.com/yongPhone/gyaml/gyaml.go:53.14,54.15 1 73
github.com/yongPhone/gyaml/gyaml.go:55.14,56.22 1 15
github.com/yongPhone/gyaml/gyaml.go:56.22,58.4 1 3
github.com/yongPhone/gyaml/gyaml.go:59.3,59.15 1 12
github.com/yongPhone/gyaml/gyaml.go:60.12,61.15 1 10
github.com/yongPhone/gyaml/gyaml.go:62.12,63.16 1 1
github.com/yongPhone/gyaml/gyaml.go:64.13,65.17 1 1
github.com/yongPhone/gyaml/gyaml.go:70.29,71.16 1 18
github.com/yongPhone/gyaml/gyaml.go:72.10,73.15 1 2
github.com/yongPhone/gyaml/gyaml.go:74.12,75.14 1 3
github.com/yongPhone/gyaml/gyaml.go:76.14,79.16 2 9
github.com/yongPhone/gyaml/gyaml.go:80.33,81.15 1 3
github.com/yongPhone/gyaml/gyaml.go:82.38,83.16 1 3
github.com/yongPhone/gyaml/gyaml.go:84.11,87.12 2 3
github.com/yongPhone/gyaml/gyaml.go:89.14,90.20 1 4
github.com/yongPhone/gyaml/gyaml.go:95.29,96.16 1 71
github.com/yongPhone/gyaml/gyaml.go:97.10,98.11 1 1
github.com/yongPhone/gyaml/gyaml.go:99.12,100.11 1 0
github.com/yongPhone/gyaml/gyaml.go:101.14,103.11 2 11
github.com/yongPhone/gyaml/gyaml.go:104.14,106.18 1 59
github.com/yongPhone/gyaml/gyaml.go:106.18,107.80 1 33
github.com/yongPhone/gyaml/gyaml.go:107.80,109.5 1 22
github.com/yongPhone/gyaml/gyaml.go:111.3,111.22 1 37
github.com/yongPhone/gyaml/gyaml.go:116.31,117.16 1 13
github.com/yongPhone/gyaml/gyaml.go:118.10,119.11 1 5
github.com/yongPhone/gyaml/gyaml.go:120.12,121.11 1 2
github.com/yongPhone/gyaml/gyaml.go:122.14,124.11 2 1
github.com/yongPhone/gyaml/gyaml.go:125.14,127.16 1 5
github.com/yongPhone/gyaml/gyaml.go:127.16,129.4 1 2
github.com/yongPhone/gyaml/gyaml.go:130.3,130.23 1 3
github.com/yongPhone/gyaml/gyaml.go:135.33,136.16 1 16
github.com/yongPhone/gyaml/gyaml.go:137.10,138.11 1 5
github.com/yongPhone/gyaml/gyaml.go:139.12,140.11 1 2
github.com/yongPhone/gyaml/gyaml.go:141.14,143.11 2 2
github.com/yongPhone/gyaml/gyaml.go:144.14,145.15 1 7
github.com/yongPhone/gyaml/gyaml.go:150.34,151.20 1 1017
github.com/yongPhone/gyaml/gyaml.go:151.20,153.3 1 2
github.com/yongPhone/gyaml/gyaml.go:154.2,155.60 2 1015
github.com/yongPhone/gyaml/gyaml.go:155.60,157.3 1 2
github.com/yongPhone/gyaml/gyaml.go:158.2,159.9 2 1013
github.com/yongPhone/gyaml/gyaml.go:159.9,161.3 1 1
github.com/yongPhone/gyaml/gyaml.go:162.2,163.24 2 1012
github.com/yongPhone/gyaml/gyaml.go:163.24,165.3 1 3022
github.com/yongPhone/gyaml/gyaml.go:166.2,166.16 1 1012
github.com/yongPhone/gyaml/gyaml.go:170.41,171.20 1 8
github.com/yongPhone/gyaml/gyaml.go:171.20,173.3 1 2
github.com/yongPhone/gyaml/gyaml.go:174.2,175.60 2 6
github.com/yongPhone/gyaml/gyaml.go:175.60,177.3 1 2
github.com/yongPhone/gyaml/gyaml.go:178.2,179.9 2 4
github.com/yongPhone/gyaml/gyaml.go:179.9,181.3 1 1
github.com/yongPhone/gyaml/gyaml.go:182.2,183.24 2 3
github.com/yongPhone/gyaml/gyaml.go:183.24,185.3 1 2
github.com/yongPhone/gyaml/gyaml.go:186.2,186.16 1 3
github.com/yongPhone/gyaml/gyaml.go:190.41,191.20 1 23
github.com/yongPhone/gyaml/gyaml.go:191.20,193.3 1 1
github.com/yongPhone/gyaml/gyaml.go:194.2,194.25 1 22
github.com/yongPhone/gyaml/gyaml.go:198.37,199.20 1 48
github.com/yongPhone/gyaml/gyaml.go:199.20,203.3 3 4
github.com/yongPhone/gyaml/gyaml.go:204.2,204.16 1 44
github.com/yongPhone/gyaml/gyaml.go:205.10,206.13 1 2
github.com/yongPhone/gyaml/gyaml.go:207.13,208.15 1 1
github.com/yongPhone/gyaml/gyaml.go:209.14,210.15 1 8
github.com/yongPhone/gyaml/gyaml.go:211.14,212.15 1 31
github.com/yongPhone/gyaml/gyaml.go:213.12,214.14 1 2
github.com/yongPhone/gyaml/gyaml.go:219.31,221.2 1 2154
github.com/yongPhone/gyaml/gyaml.go:224.64,225.17 1 19
github.com/yongPhone/gyaml/gyaml.go:225.17,227.3 1 0
github.com/yongPhone/gyaml/gyaml.go:228.2,228.20 1 19
github.com/yongPhone/gyaml/gyaml.go:228.20,230.3 1 1
github.com/yongPhone/gyaml/gyaml.go:231.2,232.60 2 18
github.com/yongPhone/gyaml/gyaml.go:232.60,234.3 1 2
github.com/yongPhone/gyaml/gyaml.go:235.2,235.27 1 16
github.com/yongPhone/gyaml/gyaml.go:236.30,237.25 1 6
github.com/yongPhone/gyaml/gyaml.go:237.25,238.62 1 11
github.com/yongPhone/gyaml/gyaml.go:238.62,240.5 1 1
github.com/yongPhone/gyaml/gyaml.go:242.21,243.25 1 8
github.com/yongPhone/gyaml/gyaml.go:243.25,244.71 1 20
github.com/yongPhone/gyaml/gyaml.go:244.71,246.5 1 1
github.com/yongPhone/gyaml/gyaml.go:252.43,253.18 1 5991
github.com/yongPhone/gyaml/gyaml.go:253.18,255.3 1 9
github.com/yongPhone/gyaml/gyaml.go:257.2,257.27 1 5982
github.com/yongPhone/gyaml/gyaml.go:258.12,259.8 1 1020
github.com/yongPhone/gyaml/gyaml.go:259.8,261.4 1 1011
github.com/yongPhone/gyaml/gyaml.go:262.3,262.29 1 9
github.com/yongPhone/gyaml/gyaml.go:263.14,264.38 1 2427
github.com/yongPhone/gyaml/gyaml.go:265.11,266.85 1 1299
github.com/yongPhone/gyaml/gyaml.go:267.12,268.85 1 1
github.com/yongPhone/gyaml/gyaml.go:269.13,270.85 1 1
github.com/yongPhone/gyaml/gyaml.go:271.13,272.85 1 1
github.com/yongPhone/gyaml/gyaml.go:273.13,274.78 1 1
github.com/yongPhone/gyaml/gyaml.go:275.12,276.87 1 1
github.com/yongPhone/gyaml/gyaml.go:277.13,278.87 1 1
github.com/yongPhone/gyaml/gyaml.go:279.14,280.87 1 1
github.com/yongPhone/gyaml/gyaml.go:281.14,282.87 1 1
github.com/yongPhone/gyaml/gyaml.go:283.14,284.79 1 2
github.com/yongPhone/gyaml/gyaml.go:285.15,286.98 1 1
github.com/yongPhone/gyaml/gyaml.go:287.15,288.80 1 17
github.com/yongPhone/gyaml/gyaml.go:289.10,292.17 2 1208
github.com/yongPhone/gyaml/gyaml.go:292.17,294.4 1 0
github.com/yongPhone/gyaml/gyaml.go:295.3,295.46 1 1206
github.com/yongPhone/gyaml/gyaml.go:302.39,303.23 1 2906
github.com/yongPhone/gyaml/gyaml.go:303.23,305.3 1 1
github.com/yongPhone/gyaml/gyaml.go:307.2,308.63 2 2905
github.com/yongPhone/gyaml/gyaml.go:308.63,310.3 1 1
github.com/yongPhone/gyaml/gyaml.go:313.2,313.20 1 2904
github.com/yongPhone/gyaml/gyaml.go:313.20,315.3 1 4
github.com/yongPhone/gyaml/gyaml.go:317.2,317.30 1 2900
github.com/yongPhone/gyaml/gyaml.go:321.53,323.2 1 1
github.com/yongPhone/gyaml/gyaml.go:326.35,327.23 1 23
github.com/yongPhone/gyaml/gyaml.go:327.23,329.3 1 1
github.com/yongPhone/gyaml/gyaml.go:331.2,332.63 2 22
github.com/yongPhone/gyaml/gyaml.go:332.63,334.3 1 4
github.com/yongPhone/gyaml/gyaml.go:336.2,336.41 1 18
github.com/yongPhone/gyaml/gyaml.go:340.33,343.2 2 4
github.com/yongPhone/gyaml/gyaml.go:346.54,347.16 1 3061
github.com/yongPhone/gyaml/gyaml.go:347.16,349.18 1 3
github.com/yongPhone/gyaml/gyaml.go:349.18,351.4 1 1
github.com/yongPhone/gyaml/gyaml.go:352.3,352.27 1 2
github.com/yongPhone/gyaml/gyaml.go:353.108,354.24 1 2
github.com/yongPhone/gyaml/gyaml.go:355.11,358.18 2 0
github.com/yongPhone/gyaml/gyaml.go:358.18,360.5 1 0
github.com/yongPhone/gyaml/gyaml.go:361.4,361.47 1 0
github.com/yongPhone/gyaml/gyaml.go:365.2,368.29 3 3058
github.com/yongPhone/gyaml/gyaml.go:368.29,369.17 1 12990
github.com/yongPhone/gyaml/gyaml.go:369.17,370.12 1 12
github.com/yongPhone/gyaml/gyaml.go:374.3,374.18 1 12978
github.com/yongPhone/gyaml/gyaml.go:374.18,376.25 1 42
github.com/yongPhone/gyaml/gyaml.go:376.25,377.32 1 26
github.com/yongPhone/gyaml/gyaml.go:378.24,379.55 1 20
github.com/yongPhone/gyaml/gyaml.go:380.33,381.55 1 3
github.com/yongPhone/gyaml/gyaml.go:382.13,383.31 1 3
github.com/yongPhone/gyaml/gyaml.go:385.10,389.5 2 16
github.com/yongPhone/gyaml/gyaml.go:393.3,393.68 1 12936
github.com/yongPhone/gyaml/gyaml.go:393.68,396.24 3 242
github.com/yongPhone/gyaml/gyaml.go:396.24,398.5 1 37
github.com/yongPhone/gyaml/gyaml.go:400.4,400.24 1 205
github.com/yongPhone/gyaml/gyaml.go:400.24,404.28 3 21
github.com/yongPhone/gyaml/gyaml.go:404.28,406.20 2 21
github.com/yongPhone/gyaml/gyaml.go:406.20,408.7 1 0
github.com/yongPhone/gyaml/gyaml.go:409.11,411.6 1 0
github.com/yongPhone/gyaml/gyaml.go:412.5,412.44 1 21
github.com/yongPhone/gyaml/gyaml.go:414.4,414.17 1 184
github.com/yongPhone/gyaml/gyaml.go:419.3,419.50 1 12694
github.com/yongPhone/gyaml/gyaml.go:419.50,421.55 1 9
github.com/yongPhone/gyaml/gyaml.go:421.55,422.39 1 2
github.com/yongPhone/gyaml/gyaml.go:422.39,425.14 2 2
github.com/yongPhone/gyaml/gyaml.go:429.4,430.51 2 7
github.com/yongPhone/gyaml/gyaml.go:434.3,434.49 1 12685
github.com/yongPhone/gyaml/gyaml.go:434.49,435.31 1 3552
github.com/yongPhone/gyaml/gyaml.go:436.23,437.33 1 3552
github.com/yongPhone/gyaml/gyaml.go:437.33,439.6 1 8
github.com/yongPhone/gyaml/gyaml.go:440.5,441.13 2 3544
github.com/yongPhone/gyaml/gyaml.go:442.12,443.30 1 0
github.com/yongPhone/gyaml/gyaml.go:448.3,448.30 1 9133
github.com/yongPhone/gyaml/gyaml.go:449.31,451.15 2 9091
github.com/yongPhone/gyaml/gyaml.go:451.15,453.5 1 51
github.com/yongPhone/gyaml/gyaml.go:454.4,454.17 1 9040
github.com/yongPhone/gyaml/gyaml.go:455.36,457.15 2 0
github.com/yongPhone/gyaml/gyaml.go:457.15,459.5 1 0
github.com/yongPhone/gyaml/gyaml.go:460.4,460.17 1 0
github.com/yongPhone/gyaml/gyaml.go:461.11,462.29 1 42
github.com/yongPhone/gyaml/gyaml.go:466.2,466.28 1 2666
github.com/yongPhone/gyaml/gyaml.go:470.65,472.9 2 245
github.com/yongPhone/gyaml/gyaml.go:472.9,474.3 1 1
github.com/yongPhone/gyaml/gyaml.go:477.2,481.31 3 244
github.com/yongPhone/gyaml/gyaml.go:481.31,482.34 1 1080
github.com/yongPhone/gyaml/gyaml.go:482.34,484.23 2 238
github.com/yongPhone/gyaml/gyaml.go:484.23,488.10 4 238
github.com/yongPhone/gyaml/gyaml.go:494.2,494.20 1 244
github.com/yongPhone/gyaml/gyaml.go:494.20,495.35 1 6
github.com/yongPhone/gyaml/gyaml.go:495.35,497.23 2 0
github.com/yongPhone/gyaml/gyaml.go:497.23,501.5 3 0
github.com/yongPhone/gyaml/gyaml.go:502.9,504.4 1 6
github.com/yongPhone/gyaml/gyaml.go:507.2,507.27 1 238
github.com/yongPhone/gyaml/gyaml.go:507.27,508.51 1 1045
github.com/yongPhone/gyaml/gyaml.go:508.51,509.39 1 932
github.com/yongPhone/gyaml/gyaml.go:509.39,510.47 1 255
github.com/yongPhone/gyaml/gyaml.go:510.47,512.6 1 146
github.com/yongPhone/gyaml/gyaml.go:514.9,516.35 1 113
github.com/yongPhone/gyaml/gyaml.go:516.35,517.48 1 112
github.com/yongPhone/gyaml/gyaml.go:517.48,519.6 1 61
github.com/yongPhone/gyaml/gyaml.go:524.2,524.27 1 31
github.com/yongPhone/gyaml/gyaml.go:528.72,531.18 2 380
github.com/yongPhone/gyaml/gyaml.go:532.11,533.28 1 120
github.com/yongPhone/gyaml/gyaml.go:534.12,535.28 1 39
github.com/yongPhone/gyaml/gyaml.go:536.11,537.43 1 146
github.com/yongPhone/gyaml/gyaml.go:538.11,539.43 1 32
github.com/yongPhone/gyaml/gyaml.go:540.12,541.44 1 29
github.com/yongPhone/gyaml/gyaml.go:542.12,543.44 1 13
github.com/yongPhone/gyaml/gyaml.go:544.10,545.15 1 1
github.com/yongPhone/gyaml/gyaml.go:551.62,554.25 2 220
github.com/yongPhone/gyaml/gyaml.go:555.11,556.24 1 162
github.com/yongPhone/gyaml/gyaml.go:557.33,558.75 1 0
github.com/yongPhone/gyaml/gyaml.go:558.75,560.4 1 0
github.com/yongPhone/gyaml/gyaml.go:560.9,562.4 1 0
github.com/yongPhone/gyaml/gyaml.go:563.43,564.76 1 3
github.com/yongPhone/gyaml/gyaml.go:564.76,566.4 1 3
github.com/yongPhone/gyaml/gyaml.go:566.9,568.4 1 0
github.com/yongPhone/gyaml/gyaml.go:569.15,570.24 1 0
github.com/yongPhone/gyaml/gyaml.go:571.15,572.15 1 9
github.com/yongPhone/gyaml/gyaml.go:573.10,575.73 1 46
github.com/yongPhone/gyaml/gyaml.go:575.73,577.4 1 18
github.com/yongPhone/gyaml/gyaml.go:577.9,579.4 1 28
github.com/yongPhone/gyaml/gyaml.go:583.2,584.16 2 192
github.com/yongPhone/gyaml/gyaml.go:584.16,586.3 1 27
github.com/yongPhone/gyaml/gyaml.go:588.2,588.30 1 165
github.com/yongPhone/gyaml/gyaml.go:588.30,590.3 1 72
github.com/yongPhone/gyaml/gyaml.go:590.8,590.37 1 93
github.com/yongPhone/gyaml/gyaml.go:590.37,592.3 1 69
github.com/yongPhone/gyaml/gyaml.go:593.2,593.10 1 24
github.com/yongPhone/gyaml/gyaml.go:597.68,599.9 2 29
github.com/yongPhone/gyaml/gyaml.go:599.9,601.3 1 0
github.com/yongPhone/gyaml/gyaml.go:603.2,603.16 1 29
github.com/yongPhone/gyaml/gyaml.go:603.16,606.3 1 1
github.com/yongPhone/gyaml/gyaml.go:608.2,609.27 2 28
github.com/yongPhone/gyaml/gyaml.go:609.27,612.26 2 109
github.com/yongPhone/gyaml/gyaml.go:612.26,614.4 1 38
github.com/yongPhone/gyaml/gyaml.go:617.2,617.28 1 28
github.com/yongPhone/gyaml/gyaml.go:621.67,623.29 2 2
github.com/yongPhone/gyaml/gyaml.go:623.29,625.49 2 9
github.com/yongPhone/gyaml/gyaml.go:625.49,626.12 1 4
github.com/yongPhone/gyaml/gyaml.go:628.3,628.29 1 5
github.com/yongPhone/gyaml/gyaml.go:628.29,630.4 1 1
